[21:12:13] [main/INFO]: ModLauncher running: args [--username, NaelFire, --version, forge-43.3.0, --gameDir, C:\Users\karma\curseforge\minecraft\Instances\FunCUbe-SMP-modpack, --assetsDir, C:\Users\karma\curseforge\minecraft\Install\assets, --assetIndex, 1.19, --uuid, b72b145581bb4c1d878a7586448e1475, --accessToken, ????????, --clientId, MmFjMTY2MTUtYTc3ZC00OWZiLTliMTAtOWM5ZjBjMTY3NTZk, --xuid, 2535413907307623, --userType, msa, --versionType, release, --width, 1024, --height, 768, --launchTarget, forgeclient, --fml.forgeVersion, 43.3.0, --fml.mcVersion, 1.19.2, --fml.forgeGroup, net.minecraftforge, --fml.mcpVersion, 20220805.130853]
[21:12:13] [main/INFO]: ModLauncher 10.0.8+10.0.8+main.0ef7e830 starting: java version 17.0.8 by Microsoft; OS Windows 10 arch amd64 version 10.0
[21:12:16] [main/INFO]: SpongePowered MIXIN Subsystem Version=0.8.5 Source=union:/C:/Users/karma/curseforge/minecraft/Install/libraries/org/spongepowered/mixin/0.8.5/mixin-0.8.5.jar%2397!/ Service=ModLauncher Env=CLIENT
[21:12:17] [main/INFO]: Found mod file [1.19.2] SecurityCraft v1.9.6.1.jar of type MOD with provider {mods folder locator at C:\Users\karma\curseforge\minecraft\Instances\FunCUbe-SMP-modpack\mods}
[21:12:17] [main/INFO]: Found mod file ad_astra-forge-1.19.2-1.12.7.jar of type MOD with provider {mods folder locator at C:\Users\karma\curseforge\minecraft\Instances\FunCUbe-SMP-modpack\mods}
[21:12:17] [main/INFO]: Found mod file AE2WTLib-12.9.7.jar of type MOD with provider {mods folder locator at C:\Users\karma\curseforge\minecraft\Instances\FunCUbe-SMP-modpack\mods}
[21:12:17] [main/INFO]: Found mod file aether-1.19.2-1.3.1-forge.jar of type MOD with provider {mods folder locator at C:\Users\karma\curseforge\minecraft\Instances\FunCUbe-SMP-modpack\mods}
[21:12:17] [main/INFO]: Found mod file AI-Improvements-1.19.2-0.5.2.jar of type MOD with provider {mods folder locator at C:\Users\karma\curseforge\minecraft\Instances\FunCUbe-SMP-modpack\mods}
[21:12:17] [main/INFO]: Found mod file alexsmobs-1.21.1.jar of type MOD with provider {mods folder locator at C:\Users\karma\curseforge\minecraft\Instances\FunCUbe-SMP-modpack\mods}
[21:12:17] [main/INFO]: Found mod file Amplified_Nether_1.19.3_v1.2.1.jar of type MOD with provider {mods folder locator at C:\Users\karma\curseforge\minecraft\Instances\FunCUbe-SMP-modpack\mods}
[21:12:17] [main/INFO]: Found mod file Apotheosis-1.19.2-6.5.0.jar of type MOD with provider {mods folder locator at C:\Users\karma\curseforge\minecraft\Instances\FunCUbe-SMP-modpack\mods}
[21:12:17] [main/INFO]: Found mod file apotheotic_additions1.0.4.jar of type MOD with provider {mods folder locator at C:\Users\karma\curseforge\minecraft\Instances\FunCUbe-SMP-modpack\mods}
[21:12:17] [main/INFO]: Found mod file appleskin-forge-mc1.19-2.4.2.jar of type MOD with provider {mods folder locator at C:\Users\karma\curseforge\minecraft\Instances\FunCUbe-SMP-modpack\mods}
[21:12:17] [main/INFO]: Found mod file Applied-Mekanistics-1.3.5.jar of type MOD with provider {mods folder locator at C:\Users\karma\curseforge\minecraft\Instances\FunCUbe-SMP-modpack\mods}
[21:12:17] [main/INFO]: Found mod file appliedenergistics2-forge-12.9.9.jar of type MOD with provider {mods folder locator at C:\Users\karma\curseforge\minecraft\Instances\FunCUbe-SMP-modpack\mods}
[21:12:17] [main/INFO]: Found mod file architectury-6.6.92-forge.jar of type MOD with provider {mods folder locator at C:\Users\karma\curseforge\minecraft\Instances\FunCUbe-SMP-modpack\mods}
[21:12:17] [main/INFO]: Found mod file ars_creo-1.19.2-3.2.1.jar of type MOD with provider {mods folder locator at C:\Users\karma\curseforge\minecraft\Instances\FunCUbe-SMP-modpack\mods}
[21:12:17] [main/INFO]: Found mod file ars_nouveau-1.19.2-3.23.0.jar of type MOD with provider {mods folder locator at C:\Users\karma\curseforge\minecraft\Instances\FunCUbe-SMP-modpack\mods}
[21:12:17] [main/INFO]: Found mod file arseng-1.0.0.jar of type MOD with provider {mods folder locator at C:\Users\karma\curseforge\minecraft\Instances\FunCUbe-SMP-modpack\mods}
[21:12:17] [main/INFO]: Found mod file AttributeFix-Forge-1.19.2-17.2.8.jar of type MOD with provider {mods folder locator at C:\Users\karma\curseforge\minecraft\Instances\FunCUbe-SMP-modpack\mods}
[21:12:17] [main/INFO]: Found mod file balm-forge-1.19.2-4.6.0.jar of type MOD with provider {mods folder locator at C:\Users\karma\curseforge\minecraft\Instances\FunCUbe-SMP-modpack\mods}
[21:12:17] [main/INFO]: Found mod file betterfpsdist-1.19.2-4.1.jar of type MOD with provider {mods folder locator at C:\Users\karma\curseforge\minecraft\Instances\FunCUbe-SMP-modpack\mods}
[21:12:17] [main/INFO]: Found mod file Block Swap-forge-1.19.2-2.0.0.1.jar of type MOD with provider {mods folder locator at C:\Users\karma\curseforge\minecraft\Instances\FunCUbe-SMP-modpack\mods}
[21:12:17] [main/INFO]: Found mod file blue_skies-1.19.2-1.3.20.jar of type MOD with provider {mods folder locator at C:\Users\karma\curseforge\minecraft\Instances\FunCUbe-SMP-modpack\mods}
[21:12:17] [main/INFO]: Found mod file Botania-1.19.2-440-FORGE.jar of type MOD with provider {mods folder locator at C:\Users\karma\curseforge\minecraft\Instances\FunCUbe-SMP-modpack\mods}
[21:12:17] [main/INFO]: Found mod file botarium-forge-1.19.2-1.9.2.jar of type MOD with provider {mods folder locator at C:\Users\karma\curseforge\minecraft\Instances\FunCUbe-SMP-modpack\mods}
[21:12:17] [main/INFO]: Found mod file buildinggadgets-3.16.2-build.22+mc1.19.2.jar of type MOD with provider {mods folder locator at C:\Users\karma\curseforge\minecraft\Instances\FunCUbe-SMP-modpack\mods}
[21:12:17] [main/INFO]: Found mod file bygonenether-1.3.2-1.19.2.jar of type MOD with provider {mods folder locator at C:\Users\karma\curseforge\minecraft\Instances\FunCUbe-SMP-modpack\mods}
[21:12:17] [main/INFO]: Found mod file caelus-forge-1.19.2-3.0.0.6.jar of type MOD with provider {mods folder locator at C:\Users\karma\curseforge\minecraft\Instances\FunCUbe-SMP-modpack\mods}
[21:12:17] [main/INFO]: Found mod file canary-mc1.19.2-0.3.3.jar of type MOD with provider {mods folder locator at C:\Users\karma\curseforge\minecraft\Instances\FunCUbe-SMP-modpack\mods}
[21:12:17] [main/INFO]: Found mod file carryon-forge-1.19.2-2.1.2.23.jar of type MOD with provider {mods folder locator at C:\Users\karma\curseforge\minecraft\Instances\FunCUbe-SMP-modpack\mods}
[21:12:17] [main/INFO]: Found mod file cc-tweaked-1.19.2-1.101.4.jar of type MOD with provider {mods folder locator at C:\Users\karma\curseforge\minecraft\Instances\FunCUbe-SMP-modpack\mods}
[21:12:17] [main/INFO]: Found mod file chipped-forge-1.19.2-2.1.5.jar of type MOD with provider {mods folder locator at C:\Users\karma\curseforge\minecraft\Instances\FunCUbe-SMP-modpack\mods}
[21:12:17] [main/INFO]: Found mod file citadel-2.1.4-1.19.jar of type MOD with provider {mods folder locator at C:\Users\karma\curseforge\minecraft\Instances\FunCUbe-SMP-modpack\mods}
[21:12:17] [main/INFO]: Found mod file cloth-config-8.3.115-forge.jar of type MOD with provider {mods folder locator at C:\Users\karma\curseforge\minecraft\Instances\FunCUbe-SMP-modpack\mods}
[21:12:17] [main/INFO]: Found mod file Clumps-forge-1.19.2-9.0.0+14.jar of type MOD with provider {mods folder locator at C:\Users\karma\curseforge\minecraft\Instances\FunCUbe-SMP-modpack\mods}
[21:12:17] [main/INFO]: Found mod file cofh_core-1.19.2-10.3.1.48.jar of type MOD with provider {mods folder locator at C:\Users\karma\curseforge\minecraft\Instances\FunCUbe-SMP-modpack\mods}
[21:12:17] [main/INFO]: Found mod file collective-1.19.2-7.40.jar of type MOD with provider {mods folder locator at C:\Users\karma\curseforge\minecraft\Instances\FunCUbe-SMP-modpack\mods}
[21:12:17] [main/INFO]: Found mod file comforts-forge-6.0.7+1.19.2.jar of type MOD with provider {mods folder locator at C:\Users\karma\curseforge\minecraft\Instances\FunCUbe-SMP-modpack\mods}
[21:12:17] [main/INFO]: Found mod file Controlling-forge-1.19.2-10.0+7.jar of type MOD with provider {mods folder locator at C:\Users\karma\curseforge\minecraft\Instances\FunCUbe-SMP-modpack\mods}
[21:12:17] [main/INFO]: Found mod file corpse-forge-1.19.2-1.0.12.jar of type MOD with provider {mods folder locator at C:\Users\karma\curseforge\minecraft\Instances\FunCUbe-SMP-modpack\mods}
[21:12:17] [main/INFO]: Found mod file craftingtweaks-forge-1.19.2-15.1.9.jar of type MOD with provider {mods folder locator at C:\Users\karma\curseforge\minecraft\Instances\FunCUbe-SMP-modpack\mods}
[21:12:17] [main/INFO]: Found mod file create-1.19.2-0.5.1.f.jar of type MOD with provider {mods folder locator at C:\Users\karma\curseforge\minecraft\Instances\FunCUbe-SMP-modpack\mods}
[21:12:17] [main/INFO]: Found mod file create-new-age-forge-1.19.2-1.1.2.jar of type MOD with provider {mods folder locator at C:\Users\karma\curseforge\minecraft\Instances\FunCUbe-SMP-modpack\mods}
[21:12:17] [main/INFO]: Found mod file create-stuff-additions1.19.2_v2.0.4a.jar of type MOD with provider {mods folder locator at C:\Users\karma\curseforge\minecraft\Instances\FunCUbe-SMP-modpack\mods}
[21:12:17] [main/INFO]: Found mod file create_jetpack-forge-3.3.1.jar of type MOD with provider {mods folder locator at C:\Users\karma\curseforge\minecraft\Instances\FunCUbe-SMP-modpack\mods}
[21:12:17] [main/INFO]: Found mod file create_misc_and_things_ 1.19.2_4.0A.jar of type MOD with provider {mods folder locator at C:\Users\karma\curseforge\minecraft\Instances\FunCUbe-SMP-modpack\mods}
[21:12:17] [main/INFO]: Found mod file createaddition-1.19.2-1.2.3.jar of type MOD with provider {mods folder locator at C:\Users\karma\curseforge\minecraft\Instances\FunCUbe-SMP-modpack\mods}
[21:12:17] [main/INFO]: Found mod file createbigcannons-forge-1.19.2-0.5.3.b.jar of type MOD with provider {mods folder locator at C:\Users\karma\curseforge\minecraft\Instances\FunCUbe-SMP-modpack\mods}
[21:12:17] [main/INFO]: Found mod file createdeco-1.3.3-1.19.2.jar of type MOD with provider {mods folder locator at C:\Users\karma\curseforge\minecraft\Instances\FunCUbe-SMP-modpack\mods}
[21:12:17] [main/INFO]: Found mod file CTM-1.19.2-1.1.6+8.jar of type MOD with provider {mods folder locator at C:\Users\karma\curseforge\minecraft\Instances\FunCUbe-SMP-modpack\mods}
[21:12:17] [main/INFO]: Found mod file cupboard-1.19.2-2.6.jar of type MOD with provider {mods folder locator at C:\Users\karma\curseforge\minecraft\Instances\FunCUbe-SMP-modpack\mods}
[21:12:17] [main/INFO]: Found mod file curios-forge-1.19.2-5.1.6.1.jar of type MOD with provider {mods folder locator at C:\Users\karma\curseforge\minecraft\Instances\FunCUbe-SMP-modpack\mods}
[21:12:17] [main/INFO]: Found mod file elevatorid-1.19.2-1.8.10.jar of type MOD with provider {mods folder locator at C:\Users\karma\curseforge\minecraft\Instances\FunCUbe-SMP-modpack\mods}
[21:12:17] [main/INFO]: Found mod file entityculling-forge-1.6.1-mc1.19.2.jar of type MOD with provider {mods folder locator at C:\Users\karma\curseforge\minecraft\Instances\FunCUbe-SMP-modpack\mods}
[21:12:17] [main/INFO]: Found mod file extendedgears-2.1.0-1.19.2-0.5.1.c-forge.jar of type MOD with provider {mods folder locator at C:\Users\karma\curseforge\minecraft\Instances\FunCUbe-SMP-modpack\mods}
[21:12:17] [main/INFO]: Found mod file fancymenu_forge_3.1.2_MC_1.19.2.jar of type MOD with provider {mods folder locator at C:\Users\karma\curseforge\minecraft\Instances\FunCUbe-SMP-modpack\mods}
[21:12:17] [main/INFO]: Found mod file FastLeafDecay-30.jar of type MOD with provider {mods folder locator at C:\Users\karma\curseforge\minecraft\Instances\FunCUbe-SMP-modpack\mods}
[21:12:17] [main/INFO]: Found mod file FastWorkbench-1.19.2-7.1.4.jar of type MOD with provider {mods folder locator at C:\Users\karma\curseforge\minecraft\Instances\FunCUbe-SMP-modpack\mods}
[21:12:17] [main/INFO]: Found mod file ferritecore-5.0.3-forge.jar of type MOD with provider {mods folder locator at C:\Users\karma\curseforge\minecraft\Instances\FunCUbe-SMP-modpack\mods}
[21:12:17] [main/INFO]: Found mod file FramedBlocks-6.8.6.jar of type MOD with provider {mods folder locator at C:\Users\karma\curseforge\minecraft\Instances\FunCUbe-SMP-modpack\mods}
[21:12:17] [main/INFO]: Found mod file ftb-chunks-forge-1902.4.4-build.326.jar of type MOD with provider {mods folder locator at C:\Users\karma\curseforge\minecraft\Instances\FunCUbe-SMP-modpack\mods}
[21:12:17] [main/INFO]: Found mod file ftb-library-forge-1902.4.1-build.236.jar of type MOD with provider {mods folder locator at C:\Users\karma\curseforge\minecraft\Instances\FunCUbe-SMP-modpack\mods}
[21:12:17] [main/INFO]: Found mod file ftb-teams-forge-1902.2.14-build.123.jar of type MOD with provider {mods folder locator at C:\Users\karma\curseforge\minecraft\Instances\FunCUbe-SMP-modpack\mods}
[21:12:17] [main/INFO]: Found mod file ftb_teams_nametag_addon-19.2.0.2.jar of type MOD with provider {mods folder locator at C:\Users\karma\curseforge\minecraft\Instances\FunCUbe-SMP-modpack\mods}
[21:12:17] [main/INFO]: Found mod file fusion-1.1.1-forge-mc1.19.2.jar of type MOD with provider {mods folder locator at C:\Users\karma\curseforge\minecraft\Instances\FunCUbe-SMP-modpack\mods}
[21:12:17] [main/INFO]: Found mod file geckolib-forge-1.19-3.1.40.jar of type MOD with provider {mods folder locator at C:\Users\karma\curseforge\minecraft\Instances\FunCUbe-SMP-modpack\mods}
[21:12:17] [main/INFO]: Found mod file gpumemleakfix-1.19.2-1.6.jar of type MOD with provider {mods folder locator at C:\Users\karma\curseforge\minecraft\Instances\FunCUbe-SMP-modpack\mods}
[21:12:17] [main/INFO]: Found mod file HealthOverlay-1.19.2-7.2.1.jar of type MOD with provider {mods folder locator at C:\Users\karma\curseforge\minecraft\Instances\FunCUbe-SMP-modpack\mods}
[21:12:17] [main/INFO]: Found mod file iceandfire-1.19.2-2.1.13-beta-3.jar of type MOD with provider {mods folder locator at C:\Users\karma\curseforge\minecraft\Instances\FunCUbe-SMP-modpack\mods}
[21:12:17] [main/INFO]: Found mod file immersive-portals-2.3.7-mc1.19.2-forge.jar of type MOD with provider {mods folder locator at C:\Users\karma\curseforge\minecraft\Instances\FunCUbe-SMP-modpack\mods}
[21:12:17] [main/INFO]: Found mod file ImmersiveEngineering-1.19.2-9.2.3-167.jar of type MOD with provider {mods folder locator at C:\Users\karma\curseforge\minecraft\Instances\FunCUbe-SMP-modpack\mods}
[21:12:17] [main/INFO]: Found mod file jei-1.19.2-forge-11.6.0.1019.jar of type MOD with provider {mods folder locator at C:\Users\karma\curseforge\minecraft\Instances\FunCUbe-SMP-modpack\mods}
[21:12:17] [main/INFO]: Found mod file jeimultiblocks-1.19.2-0.0.3.jar of type MOD with provider {mods folder locator at C:\Users\karma\curseforge\minecraft\Instances\FunCUbe-SMP-modpack\mods}
[21:12:17] [main/INFO]: Found mod file JER-Integration-4.5.0.jar of type MOD with provider {mods folder locator at C:\Users\karma\curseforge\minecraft\Instances\FunCUbe-SMP-modpack\mods}
[21:12:17] [main/INFO]: Found mod file JustEnoughMekanismMultiblocks-1.19.2-3.4.jar of type MOD with provider {mods folder locator at C:\Users\karma\curseforge\minecraft\Instances\FunCUbe-SMP-modpack\mods}
[21:12:17] [main/INFO]: Found mod file JustEnoughProfessions-forge-1.19.2-2.0.2.jar of type MOD with provider {mods folder locator at C:\Users\karma\curseforge\minecraft\Instances\FunCUbe-SMP-modpack\mods}
[21:12:17] [main/INFO]: Found mod file JustEnoughResources-1.19.2-1.2.3.243.jar of type MOD with provider {mods folder locator at C:\Users\karma\curseforge\minecraft\Instances\FunCUbe-SMP-modpack\mods}
[21:12:17] [main/INFO]: Found mod file konkrete_forge_1.8.0_MC_1.19-1.19.2.jar of type MOD with provider {mods folder locator at C:\Users\karma\curseforge\minecraft\Instances\FunCUbe-SMP-modpack\mods}
[21:12:17] [main/INFO]: Found mod file kotlinforforge-3.12.0-all.jar of type LIBRARY with provider {mods folder locator at C:\Users\karma\curseforge\minecraft\Instances\FunCUbe-SMP-modpack\mods}
[21:12:17] [main/INFO]: Found mod file kubejs-forge-1902.6.2-build.63.jar of type MOD with provider {mods folder locator at C:\Users\karma\curseforge\minecraft\Instances\FunCUbe-SMP-modpack\mods}
[21:12:17] [main/INFO]: Found mod file LibX-1.19.2-4.2.8.jar of type MOD with provider {mods folder locator at C:\Users\karma\curseforge\minecraft\Instances\FunCUbe-SMP-modpack\mods}
[21:12:17] [main/INFO]: Found mod file lootjs-forge-1.19.2-2.9.1.jar of type MOD with provider {mods folder locator at C:\Users\karma\curseforge\minecraft\Instances\FunCUbe-SMP-modpack\mods}
[21:12:17] [main/INFO]: Found mod file mechanicalbotania-1.0.0.jar of type MOD with provider {mods folder locator at C:\Users\karma\curseforge\minecraft\Instances\FunCUbe-SMP-modpack\mods}
[21:12:17] [main/INFO]: Found mod file Mekanism-1.19.2-10.3.9.13.jar of type MOD with provider {mods folder locator at C:\Users\karma\curseforge\minecraft\Instances\FunCUbe-SMP-modpack\mods}
[21:12:17] [main/INFO]: Found mod file MekanismAdditions-1.19.2-10.3.9.13.jar of type MOD with provider {mods folder locator at C:\Users\karma\curseforge\minecraft\Instances\FunCUbe-SMP-modpack\mods}
[21:12:17] [main/INFO]: Found mod file MekanismGenerators-1.19.2-10.3.9.13.jar of type MOD with provider {mods folder locator at C:\Users\karma\curseforge\minecraft\Instances\FunCUbe-SMP-modpack\mods}
[21:12:17] [main/INFO]: Found mod file MekanismTools-1.19.2-10.3.9.13.jar of type MOD with provider {mods folder locator at C:\Users\karma\curseforge\minecraft\Instances\FunCUbe-SMP-modpack\mods}
[21:12:17] [main/INFO]: Found mod file melody_forge_1.0.1_MC_1.19.2.jar of type MOD with provider {mods folder locator at C:\Users\karma\curseforge\minecraft\Instances\FunCUbe-SMP-modpack\mods}
[21:12:17] [main/INFO]: Found mod file modernfix-forge-5.15.0+mc1.19.2.jar of type MOD with provider {mods folder locator at C:\Users\karma\curseforge\minecraft\Instances\FunCUbe-SMP-modpack\mods}
[21:12:17] [main/INFO]: Found mod file modonomicon-1.19.2-1.34.0.jar of type MOD with provider {mods folder locator at C:\Users\karma\curseforge\minecraft\Instances\FunCUbe-SMP-modpack\mods}
[21:12:17] [main/INFO]: Found mod file moreoverlays-1.21.9-mc1.19.2.jar of type MOD with provider {mods folder locator at C:\Users\karma\curseforge\minecraft\Instances\FunCUbe-SMP-modpack\mods}
[21:12:17] [main/INFO]: Found mod file MouseTweaks-forge-mc1.19-2.23.jar of type MOD with provider {mods folder locator at C:\Users\karma\curseforge\minecraft\Instances\FunCUbe-SMP-modpack\mods}
[21:12:17] [main/INFO]: Found mod file MythicBotany-1.19.2-3.0.2.jar of type MOD with provider {mods folder locator at C:\Users\karma\curseforge\minecraft\Instances\FunCUbe-SMP-modpack\mods}
[21:12:17] [main/INFO]: Found mod file NaturesCompass-1.19.2-1.10.0-forge.jar of type MOD with provider {mods folder locator at C:\Users\karma\curseforge\minecraft\Instances\FunCUbe-SMP-modpack\mods}
[21:12:17] [main/INFO]: Found mod file origins-forge-1.19.2-1.7.1.4-all.jar of type MOD with provider {mods folder locator at C:\Users\karma\curseforge\minecraft\Instances\FunCUbe-SMP-modpack\mods}
[21:12:17] [main/INFO]: Found mod file OverflowingBars-v4.0.1-1.19.2-Forge.jar of type MOD with provider {mods folder locator at C:\Users\karma\curseforge\minecraft\Instances\FunCUbe-SMP-modpack\mods}
[21:12:17] [main/INFO]: Found mod file Patchouli-1.19.2-77.jar of type MOD with provider {mods folder locator at C:\Users\karma\curseforge\minecraft\Instances\FunCUbe-SMP-modpack\mods}
[21:12:17] [main/INFO]: Found mod file Placebo-1.19.2-7.4.0.jar of type MOD with provider {mods folder locator at C:\Users\karma\curseforge\minecraft\Instances\FunCUbe-SMP-modpack\mods}
[21:12:17] [main/INFO]: Found mod file polymorph-forge-0.46.5+1.19.2.jar of type MOD with provider {mods folder locator at C:\Users\karma\curseforge\minecraft\Instances\FunCUbe-SMP-modpack\mods}
[21:12:17] [main/INFO]: Found mod file PuzzlesLib-v4.4.3-1.19.2-Forge.jar of type MOD with provider {mods folder locator at C:\Users\karma\curseforge\minecraft\Instances\FunCUbe-SMP-modpack\mods}
[21:12:17] [main/INFO]: Found mod file rechiseled-1.1.5c-forge-mc1.19.2.jar of type MOD with provider {mods folder locator at C:\Users\karma\curseforge\minecraft\Instances\FunCUbe-SMP-modpack\mods}
[21:12:17] [main/INFO]: Found mod file rechiseledcreate-1.0.2-forge-mc1.19.jar of type MOD with provider {mods folder locator at C:\Users\karma\curseforge\minecraft\Instances\FunCUbe-SMP-modpack\mods}
[21:12:17] [main/INFO]: Found mod file resourcefulconfig-forge-1.19.2-1.0.20.jar of type MOD with provider {mods folder locator at C:\Users\karma\curseforge\minecraft\Instances\FunCUbe-SMP-modpack\mods}
[21:12:17] [main/INFO]: Found mod file resourcefullib-forge-1.19.2-1.1.24.jar of type MOD with provider {mods folder locator at C:\Users\karma\curseforge\minecraft\Instances\FunCUbe-SMP-modpack\mods}
[21:12:17] [main/INFO]: Found mod file rhino-forge-1902.2.3-build.284.jar of type MOD with provider {mods folder locator at C:\Users\karma\curseforge\minecraft\Instances\FunCUbe-SMP-modpack\mods}
[21:12:17] [main/INFO]: Found mod file SandBox-1.19.2-1.0.1.jar of type MOD with provider {mods folder locator at C:\Users\karma\curseforge\minecraft\Instances\FunCUbe-SMP-modpack\mods}
[21:12:17] [main/INFO]: Found mod file secretrooms-1.19.2-1.2.0.jar of type MOD with provider {mods folder locator at C:\Users\karma\curseforge\minecraft\Instances\FunCUbe-SMP-modpack\mods}
[21:12:17] [main/INFO]: Found mod file shutupexperimentalsettings-1.0.5.jar of type MOD with provider {mods folder locator at C:\Users\karma\curseforge\minecraft\Instances\FunCUbe-SMP-modpack\mods}
[21:12:17] [main/INFO]: Found mod file SimpleDiscordRichPresence-forge-3.0.6-build.39+mc1.19.2.jar of type MOD with provider {mods folder locator at C:\Users\karma\curseforge\minecraft\Instances\FunCUbe-SMP-modpack\mods}
[21:12:17] [main/INFO]: Found mod file SmartBrainLib-forge-1.19.2-1.9.jar of type MOD with provider {mods folder locator at C:\Users\karma\curseforge\minecraft\Instances\FunCUbe-SMP-modpack\mods}
[21:12:17] [main/INFO]: Found mod file sophisticatedbackpacks-1.19.2-3.20.2.1035.jar of type MOD with provider {mods folder locator at C:\Users\karma\curseforge\minecraft\Instances\FunCUbe-SMP-modpack\mods}
[21:12:17] [main/INFO]: Found mod file sophisticatedcore-1.19.2-0.6.4.587.jar of type MOD with provider {mods folder locator at C:\Users\karma\curseforge\minecraft\Instances\FunCUbe-SMP-modpack\mods}
[21:12:17] [main/INFO]: Found mod file spark-1.10.37-forge.jar of type MOD with provider {mods folder locator at C:\Users\karma\curseforge\minecraft\Instances\FunCUbe-SMP-modpack\mods}
[21:12:17] [main/INFO]: Found mod file Steam_Rails-1.5.3+forge-mc1.19.2.jar of type MOD with provider {mods folder locator at C:\Users\karma\curseforge\minecraft\Instances\FunCUbe-SMP-modpack\mods}
[21:12:17] [main/INFO]: Found mod file structure_gel-1.19.2-2.7.3.jar of type MOD with provider {mods folder locator at C:\Users\karma\curseforge\minecraft\Instances\FunCUbe-SMP-modpack\mods}
[21:12:17] [main/INFO]: Found mod file supermartijn642configlib-1.1.8-forge-mc1.19.jar of type MOD with provider {mods folder locator at C:\Users\karma\curseforge\minecraft\Instances\FunCUbe-SMP-modpack\mods}
[21:12:17] [main/INFO]: Found mod file supermartijn642corelib-1.1.17-forge-mc1.19.2.jar of type MOD with provider {mods folder locator at C:\Users\karma\curseforge\minecraft\Instances\FunCUbe-SMP-modpack\mods}
[21:12:17] [main/INFO]: Found mod file TerraBlender-forge-1.19.2-2.0.1.136.jar of type MOD with provider {mods folder locator at C:\Users\karma\curseforge\minecraft\Instances\FunCUbe-SMP-modpack\mods}
[21:12:17] [main/INFO]: Found mod file Terralith_1.19.3_v2.3.12.jar of type MOD with provider {mods folder locator at C:\Users\karma\curseforge\minecraft\Instances\FunCUbe-SMP-modpack\mods}
[21:12:17] [main/INFO]: Found mod file theoneprobe-1.19-6.2.2.jar of type MOD with provider {mods folder locator at C:\Users\karma\curseforge\minecraft\Instances\FunCUbe-SMP-modpack\mods}
[21:12:17] [main/INFO]: Found mod file thermal_dynamics-1.19.2-10.3.0.20.jar of type MOD with provider {mods folder locator at C:\Users\karma\curseforge\minecraft\Instances\FunCUbe-SMP-modpack\mods}
[21:12:17] [main/INFO]: Found mod file thermal_expansion-1.19.2-10.3.1.25.jar of type MOD with provider {mods folder locator at C:\Users\karma\curseforge\minecraft\Instances\FunCUbe-SMP-modpack\mods}
[21:12:17] [main/INFO]: Found mod file thermal_foundation-1.19.2-10.3.1.57.jar of type MOD with provider {mods folder locator at C:\Users\karma\curseforge\minecraft\Instances\FunCUbe-SMP-modpack\mods}
[21:12:17] [main/INFO]: Found mod file thermal_innovation-1.19.2-10.3.0.20.jar of type MOD with provider {mods folder locator at C:\Users\karma\curseforge\minecraft\Instances\FunCUbe-SMP-modpack\mods}
[21:12:17] [main/INFO]: Found mod file Towns-and-Towers-v.1.10-_FORGE-1.19.2_.jar of type MOD with provider {mods folder locator at C:\Users\karma\curseforge\minecraft\Instances\FunCUbe-SMP-modpack\mods}
[21:12:17] [main/INFO]: Found mod file treeplacer-wythers-addon-1.0.0.jar of type MOD with provider {mods folder locator at C:\Users\karma\curseforge\minecraft\Instances\FunCUbe-SMP-modpack\mods}
[21:12:17] [main/INFO]: Found mod file twigs-forge-1.19.2-3.0.1.jar of type MOD with provider {mods folder locator at C:\Users\karma\curseforge\minecraft\Instances\FunCUbe-SMP-modpack\mods}
[21:12:17] [main/INFO]: Found mod file twilightforest-1.19.2-4.2.1518-universal.jar of type MOD with provider {mods folder locator at C:\Users\karma\curseforge\minecraft\Instances\FunCUbe-SMP-modpack\mods}
[21:12:17] [main/INFO]: Found mod file villagernames-1.19.2-7.3.jar of type MOD with provider {mods folder locator at C:\Users\karma\curseforge\minecraft\Instances\FunCUbe-SMP-modpack\mods}
[21:12:17] [main/INFO]: Found mod file voicechat-forge-1.19.2-2.4.32.jar of type MOD with provider {mods folder locator at C:\Users\karma\curseforge\minecraft\Instances\FunCUbe-SMP-modpack\mods}
[21:12:17] [main/INFO]: Found mod file waystone_towers-1.19.2-FORGE-1.0.9.jar of type MOD with provider {mods folder locator at C:\Users\karma\curseforge\minecraft\Instances\FunCUbe-SMP-modpack\mods}
[21:12:17] [main/INFO]: Found mod file waystones-forge-1.19.2-11.4.2.jar of type MOD with provider {mods folder locator at C:\Users\karma\curseforge\minecraft\Instances\FunCUbe-SMP-modpack\mods}
[21:12:17] [main/INFO]: Found mod file World Stripper-1.19.2-3.2.2.jar of type MOD with provider {mods folder locator at C:\Users\karma\curseforge\minecraft\Instances\FunCUbe-SMP-modpack\mods}
[21:12:17] [main/INFO]: Found mod file YungsApi-1.19.2-Forge-3.8.10.jar of type MOD with provider {mods folder locator at C:\Users\karma\curseforge\minecraft\Instances\FunCUbe-SMP-modpack\mods}
[21:12:17] [main/INFO]: Found mod file YungsBetterDesertTemples-1.19.2-Forge-2.2.2.jar of type MOD with provider {mods folder locator at C:\Users\karma\curseforge\minecraft\Instances\FunCUbe-SMP-modpack\mods}
[21:12:17] [main/INFO]: Found mod file YungsBetterDungeons-1.19.2-Forge-3.2.2.jar of type MOD with provider {mods folder locator at C:\Users\karma\curseforge\minecraft\Instances\FunCUbe-SMP-modpack\mods}
[21:12:17] [main/INFO]: Found mod file YungsBetterEndIsland-1.19.2-Forge-1.0.jar of type MOD with provider {mods folder locator at C:\Users\karma\curseforge\minecraft\Instances\FunCUbe-SMP-modpack\mods}
[21:12:17] [main/INFO]: Found mod file YungsBetterJungleTemples-1.19.2-Forge-1.0.1.jar of type MOD with provider {mods folder locator at C:\Users\karma\curseforge\minecraft\Instances\FunCUbe-SMP-modpack\mods}
[21:12:17] [main/INFO]: Found mod file YungsBetterMineshafts-1.19.2-Forge-3.2.1.jar of type MOD with provider {mods folder locator at C:\Users\karma\curseforge\minecraft\Instances\FunCUbe-SMP-modpack\mods}
[21:12:17] [main/INFO]: Found mod file YungsBetterOceanMonuments-1.19.2-Forge-2.1.1.jar of type MOD with provider {mods folder locator at C:\Users\karma\curseforge\minecraft\Instances\FunCUbe-SMP-modpack\mods}
[21:12:17] [main/INFO]: Found mod file YungsBetterStrongholds-1.19.2-Forge-3.2.0.jar of type MOD with provider {mods folder locator at C:\Users\karma\curseforge\minecraft\Instances\FunCUbe-SMP-modpack\mods}
[21:12:17] [main/INFO]: Found mod file YungsBetterWitchHuts-1.19.2-Forge-2.1.0.jar of type MOD with provider {mods folder locator at C:\Users\karma\curseforge\minecraft\Instances\FunCUbe-SMP-modpack\mods}
[21:12:17] [main/INFO]: Found mod file YungsBridges-1.19.2-Forge-3.1.0.jar of type MOD with provider {mods folder locator at C:\Users\karma\curseforge\minecraft\Instances\FunCUbe-SMP-modpack\mods}
[21:12:17] [main/INFO]: Found mod file YungsExtras-1.19.2-Forge-3.1.0.jar of type MOD with provider {mods folder locator at C:\Users\karma\curseforge\minecraft\Instances\FunCUbe-SMP-modpack\mods}
[21:12:17] [main/WARN]: Mod file C:\Users\karma\curseforge\minecraft\Install\libraries\net\minecraftforge\fmlcore\1.19.2-43.3.0\fmlcore-1.19.2-43.3.0.jar is missing mods.toml file
[21:12:17] [main/WARN]: Mod file C:\Users\karma\curseforge\minecraft\Install\libraries\net\minecraftforge\javafmllanguage\1.19.2-43.3.0\javafmllanguage-1.19.2-43.3.0.jar is missing mods.toml file
[21:12:17] [main/WARN]: Mod file C:\Users\karma\curseforge\minecraft\Install\libraries\net\minecraftforge\lowcodelanguage\1.19.2-43.3.0\lowcodelanguage-1.19.2-43.3.0.jar is missing mods.toml file
[21:12:17] [main/WARN]: Mod file C:\Users\karma\curseforge\minecraft\Install\libraries\net\minecraftforge\mclanguage\1.19.2-43.3.0\mclanguage-1.19.2-43.3.0.jar is missing mods.toml file
[21:12:17] [main/INFO]: Found mod file fmlcore-1.19.2-43.3.0.jar of type LIBRARY with provider net.minecraftforge.fml.loading.moddiscovery.MinecraftLocator@15923407
[21:12:17] [main/INFO]: Found mod file javafmllanguage-1.19.2-43.3.0.jar of type LANGPROVIDER with provider net.minecraftforge.fml.loading.moddiscovery.MinecraftLocator@15923407
[21:12:17] [main/INFO]: Found mod file lowcodelanguage-1.19.2-43.3.0.jar of type LANGPROVIDER with provider net.minecraftforge.fml.loading.moddiscovery.MinecraftLocator@15923407
[21:12:17] [main/INFO]: Found mod file mclanguage-1.19.2-43.3.0.jar of type LANGPROVIDER with provider net.minecraftforge.fml.loading.moddiscovery.MinecraftLocator@15923407
[21:12:17] [main/INFO]: Found mod file client-1.19.2-20220805.130853-srg.jar of type MOD with provider net.minecraftforge.fml.loading.moddiscovery.MinecraftLocator@15923407
[21:12:17] [main/INFO]: Found mod file forge-1.19.2-43.3.0-universal.jar of type MOD with provider net.minecraftforge.fml.loading.moddiscovery.MinecraftLocator@15923407
[21:12:18] [main/WARN]: Attempted to select two dependency jars from JarJar which have the same identification: Mod File:  and Mod File: . Using Mod File: 
[21:12:18] [main/WARN]: Attempted to select a dependency jar for JarJar which was passed in as source: curios. Using Mod File: C:\Users\karma\curseforge\minecraft\Instances\FunCUbe-SMP-modpack\mods\curios-forge-1.19.2-5.1.6.1.jar
[21:12:18] [main/INFO]: Found 24 dependencies adding them to mods collection
[21:12:18] [main/INFO]: Found mod file mixinextras-forge-0.3.2.jar of type GAMELIBRARY with provider net.minecraftforge.fml.loading.moddiscovery.JarInJarDependencyLocator@73545b80
[21:12:18] [main/INFO]: Found mod file jankson-1.2.1.jar of type GAMELIBRARY with provider net.minecraftforge.fml.loading.moddiscovery.JarInJarDependencyLocator@73545b80
[21:12:18] [main/INFO]: Found mod file caffeine-3.1.8.jar of type GAMELIBRARY with provider net.minecraftforge.fml.loading.moddiscovery.JarInJarDependencyLocator@73545b80
[21:12:18] [main/INFO]: Found mod file junixsocket-common-2.6.2.jar of type GAMELIBRARY with provider net.minecraftforge.fml.loading.moddiscovery.JarInJarDependencyLocator@73545b80
[21:12:18] [main/INFO]: Found mod file cumulus_menus-1.19.2-1.0.0-forge.jar of type MOD with provider net.minecraftforge.fml.loading.moddiscovery.JarInJarDependencyLocator@73545b80
[21:12:18] [main/INFO]: Found mod file DiscordIPC-a8d6631.jar of type GAMELIBRARY with provider net.minecraftforge.fml.loading.moddiscovery.JarInJarDependencyLocator@73545b80
[21:12:18] [main/INFO]: Found mod file additionalentityattributes-forge-1.19-1.0.1+1.19.jar of type MOD with provider net.minecraftforge.fml.loading.moddiscovery.JarInJarDependencyLocator@73545b80
[21:12:18] [main/INFO]: Found mod file joml-1.10.5.jar of type GAMELIBRARY with provider net.minecraftforge.fml.loading.moddiscovery.JarInJarDependencyLocator@73545b80
[21:12:18] [main/INFO]: Found mod file json-20210307.jar of type GAMELIBRARY with provider net.minecraftforge.fml.loading.moddiscovery.JarInJarDependencyLocator@73545b80
[21:12:18] [main/INFO]: Found mod file kfflang-3.12.0.jar of type LANGPROVIDER with provider net.minecraftforge.fml.loading.moddiscovery.JarInJarDependencyLocator@73545b80
[21:12:18] [main/INFO]: Found mod file spectrelib-forge-0.12.8+1.19.2.jar of type MOD with provider net.minecraftforge.fml.loading.moddiscovery.JarInJarDependencyLocator@73545b80
[21:12:18] [main/INFO]: Found mod file flightlib-forge-1.2.0.jar of type MOD with provider net.minecraftforge.fml.loading.moddiscovery.JarInJarDependencyLocator@73545b80
[21:12:18] [main/INFO]: Found mod file nitrogen_internals-1.19.2-1.0.3-forge.jar of type MOD with provider net.minecraftforge.fml.loading.moddiscovery.JarInJarDependencyLocator@73545b80
[21:12:18] [main/INFO]: Found mod file junixsocket-native-common-2.6.2.jar of type GAMELIBRARY with provider net.minecraftforge.fml.loading.moddiscovery.JarInJarDependencyLocator@73545b80
[21:12:18] [main/INFO]: Found mod file calio-forge-1.19.2-1.7.0.2.jar of type MOD with provider net.minecraftforge.fml.loading.moddiscovery.JarInJarDependencyLocator@73545b80
[21:12:18] [main/INFO]: Found mod file kffmod-3.12.0.jar of type MOD with provider net.minecraftforge.fml.loading.moddiscovery.JarInJarDependencyLocator@73545b80
[21:12:18] [main/INFO]: Found mod file apoli-forge-1.19.2-2.6.1.4.jar of type MOD with provider net.minecraftforge.fml.loading.moddiscovery.JarInJarDependencyLocator@73545b80
[21:12:18] [main/INFO]: Found mod file MixinExtras-0.3.2.jar of type GAMELIBRARY with provider net.minecraftforge.fml.loading.moddiscovery.JarInJarDependencyLocator@73545b80
[21:12:18] [main/INFO]: Found mod file kfflib-3.12.0.jar of type GAMELIBRARY with provider net.minecraftforge.fml.loading.moddiscovery.JarInJarDependencyLocator@73545b80
[21:12:18] [main/INFO]: Found mod file thermal_core-1.19.2-10.3.0.9.jar of type MOD with provider net.minecraftforge.fml.loading.moddiscovery.JarInJarDependencyLocator@73545b80
[21:12:18] [main/INFO]: Found mod file flywheel-forge-1.19.2-0.6.10-20.jar of type MOD with provider net.minecraftforge.fml.loading.moddiscovery.JarInJarDependencyLocator@73545b80
[21:12:18] [main/INFO]: Found mod file Registrate-MC1.19-1.1.5.jar of type GAMELIBRARY with provider net.minecraftforge.fml.loading.moddiscovery.JarInJarDependencyLocator@73545b80
[21:12:18] [main/INFO]: Found mod file ritchiesprojectilelib-1.0.0-40ef15b+1.19.2-forge.jar of type MOD with provider net.minecraftforge.fml.loading.moddiscovery.JarInJarDependencyLocator@73545b80
[21:12:18] [main/INFO]: Found mod file japng-0.5.3.jar of type GAMELIBRARY with provider net.minecraftforge.fml.loading.moddiscovery.JarInJarDependencyLocator@73545b80
[21:12:18] [main/ERROR]: Missing or unsupported mandatory dependencies:
	Mod ID: 'forge', Requested by: 'fancymenu', Expected range: '[43.3.5,)', Actual version: '43.3.0'
	Mod ID: 'forge', Requested by: 'melody', Expected range: '[43.3.5,)', Actual version: '43.3.0'
[21:12:23] [main/INFO]: Compatibility level set to JAVA_17
[21:12:24] [main/ERROR]: Mixin config imm_ptl.mixins.json does not specify "minVersion" property
[21:12:24] [main/ERROR]: Mixin config imm_ptl_fabric.mixins.json does not specify "minVersion" property
[21:12:24] [main/ERROR]: Mixin config imm_ptl_compat.mixins.json does not specify "minVersion" property
[21:12:24] [main/ERROR]: Mixin config imm_ptl_peripheral.mixins.json does not specify "minVersion" property
[21:12:24] [main/ERROR]: Mixin config q_misc_util.mixins.json does not specify "minVersion" property
[21:12:24] [main/INFO]: Launching target 'forgeclient' with arguments [--version, forge-43.3.0, --gameDir, C:\Users\karma\curseforge\minecraft\Instances\FunCUbe-SMP-modpack, --assetsDir, C:\Users\karma\curseforge\minecraft\Install\assets, --uuid, b72b145581bb4c1d878a7586448e1475, --username, NaelFire, --assetIndex, 1.19, --accessToken, ????????, --clientId, MmFjMTY2MTUtYTc3ZC00OWZiLTliMTAtOWM5ZjBjMTY3NTZk, --xuid, 2535413907307623, --userType, msa, --versionType, release, --width, 1024, --height, 768]
[21:12:24] [main/WARN]: Reference map 'ritchiesprojectilelib-forge-refmap.json' for ritchiesprojectilelib-forge.mixins.json could not be read. If this is a development environment you can ignore this message
[21:12:24] [main/INFO]: Loaded configuration file for ModernFix 5.15.0+mc1.19.2: 83 options available, 14 override(s) found
[21:12:24] [main/WARN]: Option 'mixin.perf.deduplicate_wall_shapes' overriden (by load error) to 'false'
[21:12:24] [main/WARN]: Option 'mixin.bugfix.paper_chunk_patches' overriden (by load error) to 'false'
[21:12:24] [main/WARN]: Option 'mixin.perf.cache_strongholds' overriden (by load error) to 'false'
[21:12:24] [main/WARN]: Option 'mixin.perf.faster_texture_stitching' overriden (by load error) to 'false'
[21:12:24] [main/WARN]: Option 'mixin.bugfix.buffer_builder_leak' overriden (by load error) to 'false'
[21:12:24] [main/WARN]: Option 'mixin.bugfix.entity_pose_stack' overriden (by load error) to 'false'
[21:12:24] [main/WARN]: Option 'mixin.perf.nbt_memory_usage' overriden (by load error) to 'false'
[21:12:24] [main/WARN]: Option 'mixin.bugfix.item_cache_flag' overriden (by load error) to 'false'
[21:12:24] [main/WARN]: Option 'mixin.bugfix.chunk_deadlock' overriden (by load error) to 'false'
[21:12:24] [main/WARN]: Option 'mixin.perf.thread_priorities' overriden (by load error) to 'false'
[21:12:24] [main/WARN]: Option 'mixin.launch.class_search_cache' overriden (by load error) to 'false'
[21:12:24] [main/WARN]: Option 'mixin.perf.datapack_reload_exceptions' overriden (by load error) to 'false'
[21:12:24] [main/WARN]: Option 'mixin.perf.faster_texture_loading' overriden (by load error) to 'false'
[21:12:24] [main/WARN]: Option 'mixin.perf.dynamic_dfu' overriden (by load error) to 'false'
[21:12:24] [main/INFO]: Applying Nashorn fix
[21:12:24] [main/WARN]: Applying ATs from 73 mods despite being in errored state, this might cause a crash!
[21:12:24] [main/WARN]: Disabling plugin 'mixin': org.spongepowered.asm.launch.MixinLaunchPlugin
[21:12:24] [main/INFO]: Applied Forge config corruption patch
[21:12:24] [main/WARN]: Reference map 'yungsextras.refmap.json' for yungsextras.mixins.json could not be read. If this is a development environment you can ignore this message
[21:12:24] [main/WARN]: Reference map 'yungsextras.refmap.json' for yungsextras_forge.mixins.json could not be read. If this is a development environment you can ignore this message
[21:12:24] [main/WARN]: Reference map 'nitrogen_internals.refmap.json' for nitrogen_internals.mixins.json could not be read. If this is a development environment you can ignore this message
[21:12:24] [main/INFO]: Loaded configuration file for Canary: 117 options available, 0 override(s) found
[21:12:25] [main/WARN]: Error loading class: mezz/modnametooltip/TooltipEventHandler (java.lang.ClassNotFoundException: mezz.modnametooltip.TooltipEventHandler)
[21:12:25] [main/WARN]: Error loading class: me/shedaniel/rei/impl/client/ClientHelperImpl (java.lang.ClassNotFoundException: me.shedaniel.rei.impl.client.ClientHelperImpl)
[21:12:25] [main/WARN]: Error loading class: vazkii/quark/content/tweaks/module/GoldToolsHaveFortuneModule (java.lang.ClassNotFoundException: vazkii.quark.content.tweaks.module.GoldToolsHaveFortuneModule)
[21:12:25] [main/WARN]: Error loading class: com/rolfmao/upgradednetherite/content/UpgradedNetheriteCrossbow (java.lang.ClassNotFoundException: com.rolfmao.upgradednetherite.content.UpgradedNetheriteCrossbow)
[21:12:25] [main/WARN]: Error loading class: com/rolfmao/upgradednetherite_ultimate/content/UpgradedNetheriteCrossbow (java.lang.ClassNotFoundException: com.rolfmao.upgradednetherite_ultimate.content.UpgradedNetheriteCrossbow)
[21:12:25] [main/WARN]: Error loading class: vazkii/quark/content/client/tooltip/AttributeTooltips (java.lang.ClassNotFoundException: vazkii.quark.content.client.tooltip.AttributeTooltips)
[21:12:26] [main/WARN]: Error loading class: vazkii/quark/addons/oddities/inventory/BackpackMenu (java.lang.ClassNotFoundException: vazkii.quark.addons.oddities.inventory.BackpackMenu)
[21:12:26] [main/WARN]: Error loading class: me/cominixo/betterf3/modules/TargetModule (java.lang.ClassNotFoundException: me.cominixo.betterf3.modules.TargetModule)
[21:12:26] [main/WARN]: @Mixin target me.cominixo.betterf3.modules.TargetModule was not found securitycraft.mixins.json:f3.BetterF3TargetModuleMixin
[21:12:26] [main/INFO]: Initializing MixinExtras via com.llamalad7.mixinextras.service.MixinExtrasServiceImpl(version=0.3.2).
[21:12:30] [pool-3-thread-1/INFO]: Building unoptimized datafixer
[21:12:31] [Render thread/WARN]: Assets URL 'union:/C:/Users/karma/curseforge/minecraft/Install/libraries/net/minecraft/client/1.19.2-20220805.130853/client-1.19.2-20220805.130853-srg.jar%23435!/assets/.mcassetsroot' uses unexpected schema
[21:12:31] [Render thread/WARN]: Assets URL 'union:/C:/Users/karma/curseforge/minecraft/Install/libraries/net/minecraft/client/1.19.2-20220805.130853/client-1.19.2-20220805.130853-srg.jar%23435!/data/.mcassetsroot' uses unexpected schema
[21:12:31] [Render thread/INFO]: Environment: authHost='https://authserver.mojang.com', accountsHost='https://api.mojang.com', sessionHost='https://sessionserver.mojang.com', servicesHost='https://api.minecraftservices.com', name='PROD'
[21:12:32] [Render thread/INFO]: Setting user: NaelFire
[21:12:32] [Render thread/INFO]: Backend library: LWJGL version 3.3.1 build 7
[21:12:32] [Render thread/FATAL]: Error during pre-loading phase
net.minecraftforge.fml.ModLoadingException: Mod §efancymenu§r requires §6forge§r §o43.3.5 or above§r
§7Currently, §6forge§r§7 is §o43.3.0
	at net.minecraftforge.fml.ModLoadingException.lambda$fromEarlyException$0(ModLoadingException.java:50) ~[fmlcore-1.19.2-43.3.0.jar%23436!/:?]
	at java.util.stream.ReferencePipeline$3$1.accept(ReferencePipeline.java:197) ~[?:?]
	at java.util.AbstractList$RandomAccessSpliterator.forEachRemaining(AbstractList.java:720) ~[?:?]
	at java.util.stream.AbstractPipeline.copyInto(AbstractPipeline.java:509) ~[?:?]
	at java.util.stream.AbstractPipeline.wrapAndCopyInto(AbstractPipeline.java:499) ~[?:?]
	at java.util.stream.ForEachOps$ForEachOp.evaluateSequential(ForEachOps.java:150) ~[?:?]
	at java.util.stream.ForEachOps$ForEachOp$OfRef.evaluateSequential(ForEachOps.java:173) ~[?:?]
	at java.util.stream.AbstractPipeline.evaluate(AbstractPipeline.java:234) ~[?:?]
	at java.util.stream.ReferencePipeline.forEach(ReferencePipeline.java:596) ~[?:?]
	at java.util.stream.ReferencePipeline$7$1.accept(ReferencePipeline.java:276) ~[?:?]
	at java.util.ArrayList$ArrayListSpliterator.forEachRemaining(ArrayList.java:1625) ~[?:?]
	at java.util.stream.AbstractPipeline.copyInto(AbstractPipeline.java:509) ~[?:?]
	at java.util.stream.AbstractPipeline.wrapAndCopyInto(AbstractPipeline.java:499) ~[?:?]
	at java.util.stream.ReduceOps$ReduceOp.evaluateSequential(ReduceOps.java:921) ~[?:?]
	at java.util.stream.AbstractPipeline.evaluate(AbstractPipeline.java:234) ~[?:?]
	at java.util.stream.ReferencePipeline.collect(ReferencePipeline.java:682) ~[?:?]
	at net.minecraftforge.fml.ModLoader.<init>(ModLoader.java:99) ~[fmlcore-1.19.2-43.3.0.jar%23436!/:?]
	at net.minecraftforge.fml.ModLoader.get(ModLoader.java:131) ~[fmlcore-1.19.2-43.3.0.jar%23436!/:?]
	at net.minecraftforge.client.loading.ClientModLoader.lambda$begin$1(ClientModLoader.java:91) ~[forge-1.19.2-43.3.0-universal.jar%23440!/:?]
	at net.minecraftforge.client.loading.ClientModLoader.lambda$createRunnableWithCatch$4(ClientModLoader.java:111) ~[forge-1.19.2-43.3.0-universal.jar%23440!/:?]
	at net.minecraftforge.client.loading.ClientModLoader.begin(ClientModLoader.java:91) ~[forge-1.19.2-43.3.0-universal.jar%23440!/:?]
	at net.minecraft.client.Minecraft.<init>(Minecraft.java:468) ~[client-1.19.2-20220805.130853-srg.jar%23435!/:?]
	at net.minecraft.client.main.Main.m_239872_(Main.java:176) ~[client-1.19.2-20220805.130853-srg.jar%23435!/:?]
	at net.minecraft.client.main.Main.main(Main.java:51) ~[client-1.19.2-20220805.130853-srg.jar%23435!/:?]
	at jdk.internal.reflect.NativeMethodAccessorImpl.invoke0(Native Method) ~[?:?]
	at jdk.internal.reflect.NativeMethodAccessorImpl.invoke(NativeMethodAccessorImpl.java:77) ~[?:?]
	at jdk.internal.reflect.DelegatingMethodAccessorImpl.invoke(DelegatingMethodAccessorImpl.java:43) ~[?:?]
	at java.lang.reflect.Method.invoke(Method.java:568) ~[?:?]
	at net.minecraftforge.fml.loading.targets.CommonClientLaunchHandler.lambda$launchService$0(CommonClientLaunchHandler.java:27) ~[fmlloader-1.19.2-43.3.0.jar%23101!/:?]
	at cpw.mods.modlauncher.LaunchServiceHandlerDecorator.launch(LaunchServiceHandlerDecorator.java:30) [modlauncher-10.0.8.jar%2388!/:?]
	at cpw.mods.modlauncher.LaunchServiceHandler.launch(LaunchServiceHandler.java:53) [modlauncher-10.0.8.jar%2388!/:?]
	at cpw.mods.modlauncher.LaunchServiceHandler.launch(LaunchServiceHandler.java:71) [modlauncher-10.0.8.jar%2388!/:?]
	at cpw.mods.modlauncher.Launcher.run(Launcher.java:106) [modlauncher-10.0.8.jar%2388!/:?]
	at cpw.mods.modlauncher.Launcher.main(Launcher.java:77) [modlauncher-10.0.8.jar%2388!/:?]
	at cpw.mods.modlauncher.BootstrapLaunchConsumer.accept(BootstrapLaunchConsumer.java:26) [modlauncher-10.0.8.jar%2388!/:?]
	at cpw.mods.modlauncher.BootstrapLaunchConsumer.accept(BootstrapLaunchConsumer.java:23) [modlauncher-10.0.8.jar%2388!/:?]
	at cpw.mods.bootstraplauncher.BootstrapLauncher.main(BootstrapLauncher.java:141) [bootstraplauncher-1.1.2.jar:?]
[21:12:33] [Render thread/WARN]: Removed resource pack mod_resources from options because it doesn't seem to exist anymore
[21:12:33] [Render thread/WARN]: Removed resource pack builtin/aether_ctm_fix from options because it doesn't seem to exist anymore
[21:12:33] [Render thread/WARN]: Removed resource pack packmenu from options because it doesn't seem to exist anymore
[21:12:33] [Render thread/ERROR]: Cowardly refusing to send event net.minecraftforge.client.event.sound.SoundEngineLoadEvent to a broken mod state
[21:12:33] [Render thread/ERROR]: Cowardly refusing to send event net.minecraftforge.client.event.RegisterColorHandlersEvent$Block to a broken mod state
[21:12:33] [Render thread/ERROR]: Cowardly refusing to send event net.minecraftforge.client.event.RegisterColorHandlersEvent$Item to a broken mod state
[21:12:33] [Render thread/ERROR]: Cowardly refusing to send event net.minecraftforge.client.event.RenderLevelStageEvent$RegisterStageEvent to a broken mod state
[21:12:33] [Render thread/ERROR]: Cowardly refusing to send event net.minecraftforge.client.event.RegisterParticleProvidersEvent to a broken mod state
[21:12:33] [Render thread/ERROR]: Cowardly refusing to send event net.minecraftforge.client.event.RegisterClientReloadListenersEvent to a broken mod state
[21:12:33] [Render thread/ERROR]: Cowardly refusing to send event net.minecraftforge.client.event.EntityRenderersEvent$RegisterLayerDefinitions to a broken mod state
[21:12:33] [Render thread/ERROR]: Cowardly refusing to send event net.minecraftforge.client.event.EntityRenderersEvent$RegisterRenderers to a broken mod state
[21:12:33] [Render thread/ERROR]: Cowardly refusing to send event net.minecraftforge.client.event.RegisterTextureAtlasSpriteLoadersEvent to a broken mod state
[21:12:33] [Render thread/ERROR]: Cowardly refusing to send event net.minecraftforge.client.event.RegisterClientTooltipComponentFactoriesEvent to a broken mod state
[21:12:33] [Render thread/ERROR]: Cowardly refusing to send event net.minecraftforge.client.event.RegisterEntitySpectatorShadersEvent to a broken mod state
[21:12:33] [Render thread/ERROR]: Cowardly refusing to send event net.minecraftforge.client.event.RegisterKeyMappingsEvent to a broken mod state
[21:12:33] [Render thread/ERROR]: Cowardly refusing to send event net.minecraftforge.client.event.RegisterRecipeBookCategoriesEvent to a broken mod state
[21:12:33] [Render thread/ERROR]: Cowardly refusing to send event net.minecraftforge.client.event.RegisterGuiOverlaysEvent to a broken mod state
[21:12:33] [Render thread/ERROR]: Cowardly refusing to send event net.minecraftforge.client.event.RegisterDimensionSpecialEffectsEvent to a broken mod state
[21:12:33] [Render thread/ERROR]: Cowardly refusing to send event net.minecraftforge.client.event.RegisterNamedRenderTypesEvent to a broken mod state
[21:12:33] [Render thread/ERROR]: Cowardly refusing to send event net.minecraftforge.client.event.RegisterColorHandlersEvent$ColorResolvers to a broken mod state
[21:12:33] [Render thread/ERROR]: Cowardly refusing to send event net.minecraftforge.client.event.RegisterItemDecorationsEvent to a broken mod state
[21:12:33] [Render thread/INFO]: Reloading ResourceManager: Default
[21:12:33] [Worker-Main-11/ERROR]: Cowardly refusing to send event net.minecraftforge.client.event.ModelEvent$RegisterGeometryLoaders to a broken mod state
[21:12:33] [Worker-Main-3/ERROR]: Cowardly refusing to send event net.minecraftforge.client.event.TextureStitchEvent$Pre to a broken mod state
[21:12:33] [Worker-Main-7/ERROR]: Cowardly refusing to send event net.minecraftforge.client.event.TextureStitchEvent$Pre to a broken mod state
[21:12:33] [Worker-Main-2/ERROR]: Cowardly refusing to send event net.minecraftforge.client.event.TextureStitchEvent$Pre to a broken mod state
[21:12:43] [Worker-Main-11/ERROR]: Cowardly refusing to send event net.minecraftforge.client.event.ModelEvent$RegisterAdditional to a broken mod state
[21:12:43] [Worker-Main-11/ERROR]: Cowardly refusing to send event net.minecraftforge.client.event.TextureStitchEvent$Pre to a broken mod state
[21:12:44] [Worker-Main-11/ERROR]: Cowardly refusing to send event net.minecraftforge.client.event.TextureStitchEvent$Pre to a broken mod state
[21:12:44] [Worker-Main-11/ERROR]: Cowardly refusing to send event net.minecraftforge.client.event.TextureStitchEvent$Pre to a broken mod state
[21:12:44] [Worker-Main-11/ERROR]: Cowardly refusing to send event net.minecraftforge.client.event.TextureStitchEvent$Pre to a broken mod state
[21:12:44] [Worker-Main-11/ERROR]: Cowardly refusing to send event net.minecraftforge.client.event.TextureStitchEvent$Pre to a broken mod state
[21:12:44] [Worker-Main-11/ERROR]: Cowardly refusing to send event net.minecraftforge.client.event.TextureStitchEvent$Pre to a broken mod state
[21:12:44] [Worker-Main-11/ERROR]: Cowardly refusing to send event net.minecraftforge.client.event.TextureStitchEvent$Pre to a broken mod state
[21:12:44] [Render thread/WARN]: Missing sound for event: minecraft:item.goat_horn.play
[21:12:44] [Render thread/WARN]: Missing sound for event: minecraft:entity.goat.screaming.horn_break
[21:12:44] [Render thread/INFO]: OpenAL initialized on device OpenAL Soft on Headphones (High Definition Audio Device)
[21:12:44] [Render thread/INFO]: Sound engine started
[21:12:44] [Render thread/ERROR]: Cowardly refusing to send event net.minecraftforge.client.event.sound.SoundEngineLoadEvent to a broken mod state
[21:12:44] [Render thread/INFO]: Created: 1024x512x4 minecraft:textures/atlas/blocks.png-atlas
[21:12:44] [Render thread/ERROR]: Cowardly refusing to send event net.minecraftforge.client.event.TextureStitchEvent$Post to a broken mod state
[21:12:44] [Render thread/INFO]: Created: 256x128x4 minecraft:textures/atlas/signs.png-atlas
[21:12:44] [Render thread/ERROR]: Cowardly refusing to send event net.minecraftforge.client.event.TextureStitchEvent$Post to a broken mod state
[21:12:44] [Render thread/INFO]: Created: 512x512x4 minecraft:textures/atlas/banner_patterns.png-atlas
[21:12:44] [Render thread/ERROR]: Cowardly refusing to send event net.minecraftforge.client.event.TextureStitchEvent$Post to a broken mod state
[21:12:44] [Render thread/INFO]: Created: 512x512x4 minecraft:textures/atlas/shield_patterns.png-atlas
[21:12:44] [Render thread/ERROR]: Cowardly refusing to send event net.minecraftforge.client.event.TextureStitchEvent$Post to a broken mod state
[21:12:44] [Render thread/INFO]: Created: 256x256x4 minecraft:textures/atlas/chest.png-atlas
[21:12:44] [Render thread/ERROR]: Cowardly refusing to send event net.minecraftforge.client.event.TextureStitchEvent$Post to a broken mod state
[21:12:44] [Render thread/INFO]: Created: 512x256x4 minecraft:textures/atlas/beds.png-atlas
[21:12:44] [Render thread/ERROR]: Cowardly refusing to send event net.minecraftforge.client.event.TextureStitchEvent$Post to a broken mod state
[21:12:44] [Render thread/INFO]: Created: 512x256x4 minecraft:textures/atlas/shulker_boxes.png-atlas
[21:12:44] [Render thread/ERROR]: Cowardly refusing to send event net.minecraftforge.client.event.TextureStitchEvent$Post to a broken mod state
[21:12:45] [Render thread/ERROR]: Cowardly refusing to send event net.minecraftforge.client.event.ModelEvent$BakingCompleted to a broken mod state
[21:12:45] [Render thread/ERROR]: Cowardly refusing to send event net.minecraftforge.client.event.EntityRenderersEvent$CreateSkullModels to a broken mod state
[21:12:45] [Render thread/ERROR]: Cowardly refusing to send event net.minecraftforge.client.event.EntityRenderersEvent$CreateSkullModels to a broken mod state
[21:12:45] [Render thread/ERROR]: Cowardly refusing to send event net.minecraftforge.client.event.EntityRenderersEvent$CreateSkullModels to a broken mod state
[21:12:45] [Render thread/ERROR]: Cowardly refusing to send event net.minecraftforge.client.event.EntityRenderersEvent$CreateSkullModels to a broken mod state
[21:12:45] [Render thread/ERROR]: Cowardly refusing to send event net.minecraftforge.client.event.EntityRenderersEvent$CreateSkullModels to a broken mod state
[21:12:45] [Render thread/ERROR]: Cowardly refusing to send event net.minecraftforge.client.event.EntityRenderersEvent$CreateSkullModels to a broken mod state
[21:12:45] [Render thread/ERROR]: Cowardly refusing to send event net.minecraftforge.client.event.EntityRenderersEvent$CreateSkullModels to a broken mod state
[21:12:45] [Render thread/ERROR]: Cowardly refusing to send event net.minecraftforge.client.event.EntityRenderersEvent$CreateSkullModels to a broken mod state
[21:12:45] [Render thread/ERROR]: Cowardly refusing to send event net.minecraftforge.client.event.EntityRenderersEvent$CreateSkullModels to a broken mod state
[21:12:45] [Render thread/ERROR]: Cowardly refusing to send event net.minecraftforge.client.event.EntityRenderersEvent$CreateSkullModels to a broken mod state
[21:12:45] [Render thread/ERROR]: Cowardly refusing to send event net.minecraftforge.client.event.EntityRenderersEvent$CreateSkullModels to a broken mod state
[21:12:45] [Render thread/ERROR]: Cowardly refusing to send event net.minecraftforge.client.event.EntityRenderersEvent$CreateSkullModels to a broken mod state
[21:12:45] [Render thread/ERROR]: Cowardly refusing to send event net.minecraftforge.client.event.EntityRenderersEvent$CreateSkullModels to a broken mod state
[21:12:45] [Render thread/ERROR]: Cowardly refusing to send event net.minecraftforge.client.event.EntityRenderersEvent$CreateSkullModels to a broken mod state
[21:12:45] [Render thread/ERROR]: Cowardly refusing to send event net.minecraftforge.client.event.EntityRenderersEvent$CreateSkullModels to a broken mod state
[21:12:45] [Render thread/ERROR]: Cowardly refusing to send event net.minecraftforge.client.event.EntityRenderersEvent$CreateSkullModels to a broken mod state
[21:12:45] [Render thread/ERROR]: Cowardly refusing to send event net.minecraftforge.client.event.EntityRenderersEvent$CreateSkullModels to a broken mod state
[21:12:45] [Render thread/ERROR]: Cowardly refusing to send event net.minecraftforge.client.event.EntityRenderersEvent$CreateSkullModels to a broken mod state
[21:12:45] [Render thread/ERROR]: Cowardly refusing to send event net.minecraftforge.client.event.EntityRenderersEvent$CreateSkullModels to a broken mod state
[21:12:45] [Render thread/ERROR]: Cowardly refusing to send event net.minecraftforge.client.event.EntityRenderersEvent$CreateSkullModels to a broken mod state
[21:12:45] [Render thread/ERROR]: Cowardly refusing to send event net.minecraftforge.client.event.EntityRenderersEvent$CreateSkullModels to a broken mod state
[21:12:45] [Render thread/ERROR]: Cowardly refusing to send event net.minecraftforge.client.event.EntityRenderersEvent$CreateSkullModels to a broken mod state
[21:12:45] [Render thread/ERROR]: Cowardly refusing to send event net.minecraftforge.client.event.EntityRenderersEvent$AddLayers to a broken mod state
[21:12:45] [Render thread/WARN]: Shader rendertype_entity_translucent_emissive could not find sampler named Sampler2 in the specified shader program.
[21:12:46] [Render thread/ERROR]: Cowardly refusing to send event net.minecraftforge.client.event.RegisterShadersEvent to a broken mod state
[21:12:46] [Render thread/INFO]: Created: 256x256x0 minecraft:textures/atlas/particles.png-atlas
[21:12:46] [Render thread/ERROR]: Cowardly refusing to send event net.minecraftforge.client.event.TextureStitchEvent$Post to a broken mod state
[21:12:46] [Render thread/INFO]: Created: 256x256x0 minecraft:textures/atlas/paintings.png-atlas
[21:12:46] [Render thread/ERROR]: Cowardly refusing to send event net.minecraftforge.client.event.TextureStitchEvent$Post to a broken mod state
[21:12:46] [Render thread/INFO]: Created: 128x128x0 minecraft:textures/atlas/mob_effects.png-atlas
[21:12:46] [Render thread/ERROR]: Cowardly refusing to send event net.minecraftforge.client.event.TextureStitchEvent$Post to a broken mod state
[21:12:46] [Render thread/FATAL]: Crash report saved to C:\Users\karma\curseforge\minecraft\Instances\FunCUbe-SMP-modpack\crash-reports\crash-2024-03-25_21.12.46-fml.txt
[21:16:06] [Render thread/INFO]: Stopping!
